<?xml version="1.0" encoding="UTF-8"?>
<!-- Generated by org.testng.reporters.JUnitReportReporter -->
<testsuite hostname="NEW" name="testCases.VerifyLoginPage" tests="1" failures="0" timestamp="11 Sep 2017 04:18:29 GMT" time="45.865" errors="0">
  <testcase name="testHomepage" time="45.865" classname="testCases.VerifyLoginPage"/>
</testsuite> <!-- testCases.VerifyLoginPage -->
